[debug] [2019-11-25T09:12:21.593Z] ----------------------------------------------------------------------
[debug] [2019-11-25T09:12:21.594Z] Command:       /usr/local/Cellar/node/13.1.0/bin/node /usr/local/bin/firebase serve
[debug] [2019-11-25T09:12:21.594Z] CLI Version:   6.4.0
[debug] [2019-11-25T09:12:21.594Z] Platform:      darwin
[debug] [2019-11-25T09:12:21.594Z] Node Version:  v13.1.0
[debug] [2019-11-25T09:12:21.595Z] Time:          Mon Nov 25 2019 18:12:21 GMT+0900 (日本標準時)
[debug] [2019-11-25T09:12:21.595Z] ----------------------------------------------------------------------
[debug] 
[debug] [2019-11-25T09:12:21.601Z] > command requires scopes: ["email","openid","https://www.googleapis.com/auth/cloudplatformprojects.readonly","https://www.googleapis.com/auth/firebase","https://www.googleapis.com/auth/cloud-platform"]
[debug] [2019-11-25T09:12:21.601Z] > authorizing via signed-in user
[debug] [2019-11-25T09:12:21.601Z] [iam] checking project fcnakahara-page for permissions ["firebase.projects.get"]
[debug] [2019-11-25T09:12:21.603Z] >>> HTTP REQUEST POST https://cloudresourcemanager.googleapis.com/v1/projects/fcnakahara-page:testIamPermissions  

[debug] [2019-11-25T09:12:24.295Z] Error: getaddrinfo ENOTFOUND cloudresourcemanager.googleapis.com
    at GetAddrInfoReqWrap.onlookup [as oncomplete] (dns.js:60:26)
[error] 
[error] Error: Server Error. getaddrinfo ENOTFOUND cloudresourcemanager.googleapis.com
[debug] [2019-11-25T09:12:40.751Z] ----------------------------------------------------------------------
[debug] [2019-11-25T09:12:40.752Z] Command:       /usr/local/Cellar/node/13.1.0/bin/node /usr/local/bin/firebase deploy
[debug] [2019-11-25T09:12:40.753Z] CLI Version:   6.4.0
[debug] [2019-11-25T09:12:40.753Z] Platform:      darwin
[debug] [2019-11-25T09:12:40.753Z] Node Version:  v13.1.0
[debug] [2019-11-25T09:12:40.753Z] Time:          Mon Nov 25 2019 18:12:40 GMT+0900 (日本標準時)
[debug] [2019-11-25T09:12:40.754Z] ----------------------------------------------------------------------
[debug] 
[debug] [2019-11-25T09:12:40.761Z] > command requires scopes: ["email","openid","https://www.googleapis.com/auth/cloudplatformprojects.readonly","https://www.googleapis.com/auth/firebase","https://www.googleapis.com/auth/cloud-platform"]
[debug] [2019-11-25T09:12:40.761Z] > authorizing via signed-in user
[debug] [2019-11-25T09:12:40.761Z] [iam] checking project fcnakahara-page for permissions ["firebase.projects.get","firebasehosting.sites.update"]
[debug] [2019-11-25T09:12:40.762Z] >>> HTTP REQUEST POST https://cloudresourcemanager.googleapis.com/v1/projects/fcnakahara-page:testIamPermissions  

[debug] [2019-11-25T09:12:40.788Z] Error: getaddrinfo ENOTFOUND cloudresourcemanager.googleapis.com
    at GetAddrInfoReqWrap.onlookup [as oncomplete] (dns.js:60:26)
[error] 
[error] Error: Server Error. getaddrinfo ENOTFOUND cloudresourcemanager.googleapis.com
